2018-02-06T16:15:55+00:00 CRITICAL Call to undefined function request_filesystem_credentials()

2018-02-06T23:50:39+00:00 CRITICAL Call to undefined function request_filesystem_credentials()

2018-02-07T11:57:44+00:00 CRITICAL Call to undefined function request_filesystem_credentials()

2018-02-08T01:51:25+00:00 CRITICAL Call to undefined function request_filesystem_credentials()

2018-02-08T12:06:51+00:00 CRITICAL Call to undefined function request_filesystem_credentials()

2018-02-08T23:27:47+00:00 CRITICAL Call to undefined function request_filesystem_credentials()

2018-02-09T16:07:10+00:00 CRITICAL Call to undefined function request_filesystem_credentials()

2018-02-10T14:01:51+00:00 CRITICAL Call to undefined function request_filesystem_credentials()

2018-02-12T03:50:10+00:00 CRITICAL Call to undefined function request_filesystem_credentials()

2018-02-13T03:45:57+00:00 CRITICAL Call to undefined function request_filesystem_credentials()

2018-02-13T12:37:44+00:00 CRITICAL Call to undefined function request_filesystem_credentials()

2018-02-13T23:54:21+00:00 CRITICAL Call to undefined function request_filesystem_credentials()

2018-02-15T16:16:33+00:00 CRITICAL Call to undefined function request_filesystem_credentials()

2018-02-16T03:55:56+00:00 CRITICAL Call to undefined function request_filesystem_credentials()

2018-02-16T12:18:20+00:00 CRITICAL Call to undefined function request_filesystem_credentials()

2018-02-17T00:25:49+00:00 CRITICAL Call to undefined function request_filesystem_credentials()

2018-02-17T20:10:59+00:00 CRITICAL Call to undefined function request_filesystem_credentials()

2018-02-18T22:34:13+00:00 CRITICAL Call to undefined function request_filesystem_credentials()

2018-02-18T23:29:24+00:00 CRITICAL Call to undefined function request_filesystem_credentials()

2018-02-20T09:32:05+00:00 CRITICAL Call to undefined function request_filesystem_credentials()

2018-02-20T13:46:40+00:00 CRITICAL Call to undefined function request_filesystem_credentials()

2018-02-21T01:05:45+00:00 CRITICAL Call to undefined function request_filesystem_credentials()

2018-02-25T08:21:33+00:00 CRITICAL Call to undefined function request_filesystem_credentials()

2018-02-25T12:38:44+00:00 CRITICAL Call to undefined function request_filesystem_credentials()

2018-02-26T00:11:08+00:00 CRITICAL Call to undefined function request_filesystem_credentials()

2018-02-26T12:50:30+00:00 CRITICAL Call to undefined function request_filesystem_credentials()

2018-02-26T23:31:01+00:00 CRITICAL Call to undefined function request_filesystem_credentials()

2018-02-27T13:01:32+00:00 CRITICAL Call to undefined function request_filesystem_credentials()

2018-02-27T23:37:21+00:00 CRITICAL Call to undefined function request_filesystem_credentials()

2018-03-02T11:02:14+00:00 CRITICAL Call to undefined function request_filesystem_credentials()

2018-03-02T13:56:07+00:00 CRITICAL Call to undefined function request_filesystem_credentials()

2018-03-03T00:58:51+00:00 CRITICAL Call to undefined function request_filesystem_credentials()

2018-03-03T11:52:58+00:00 CRITICAL Call to undefined function request_filesystem_credentials()

2018-03-04T00:09:14+00:00 CRITICAL Call to undefined function request_filesystem_credentials()

2018-03-04T11:35:02+00:00 CRITICAL Call to undefined function request_filesystem_credentials()

2018-03-05T00:48:35+00:00 CRITICAL Call to undefined function request_filesystem_credentials()

2018-03-07T08:29:21+00:00 CRITICAL Call to undefined function request_filesystem_credentials()

2018-03-07T12:34:34+00:00 CRITICAL Call to undefined function request_filesystem_credentials()

2018-03-08T04:27:39+00:00 CRITICAL Call to undefined function request_filesystem_credentials()

2018-03-08T12:51:30+00:00 CRITICAL Call to undefined function request_filesystem_credentials()

2018-03-08T23:48:08+00:00 CRITICAL Call to undefined function request_filesystem_credentials()

2018-03-09T12:08:29+00:00 CRITICAL Call to undefined function request_filesystem_credentials()

2018-03-10T00:06:13+00:00 CRITICAL Call to undefined function request_filesystem_credentials()

2018-03-10T12:16:56+00:00 CRITICAL Call to undefined function request_filesystem_credentials()

2018-03-11T00:09:36+00:00 CRITICAL Call to undefined function request_filesystem_credentials()

2018-03-11T12:14:31+00:00 CRITICAL Call to undefined function request_filesystem_credentials()

2018-03-12T00:26:35+00:00 CRITICAL Call to undefined function request_filesystem_credentials()

2018-03-12T11:48:27+00:00 CRITICAL Call to undefined function request_filesystem_credentials()

2018-03-13T00:54:06+00:00 CRITICAL Call to undefined function request_filesystem_credentials()

2018-03-13T11:40:40+00:00 CRITICAL Call to undefined function request_filesystem_credentials()

2018-03-13T23:43:50+00:00 CRITICAL Call to undefined function request_filesystem_credentials()

2018-03-14T12:45:39+00:00 CRITICAL Call to undefined function request_filesystem_credentials()

2018-03-15T00:21:35+00:00 CRITICAL Call to undefined function request_filesystem_credentials()

2018-03-15T11:56:31+00:00 CRITICAL Call to undefined function request_filesystem_credentials()

2018-03-15T23:48:41+00:00 CRITICAL Call to undefined function request_filesystem_credentials()

2018-03-16T11:55:32+00:00 CRITICAL Call to undefined function request_filesystem_credentials()

2018-03-17T02:32:36+00:00 CRITICAL Call to undefined function request_filesystem_credentials()

2018-03-17T12:28:02+00:00 CRITICAL Call to undefined function request_filesystem_credentials()

2018-03-17T23:47:31+00:00 CRITICAL Call to undefined function request_filesystem_credentials()

2018-03-18T12:00:03+00:00 CRITICAL Call to undefined function request_filesystem_credentials()

2018-03-18T23:52:53+00:00 CRITICAL Call to undefined function request_filesystem_credentials()

2018-03-19T12:17:09+00:00 CRITICAL Call to undefined function request_filesystem_credentials()

2018-03-19T23:40:45+00:00 CRITICAL Call to undefined function request_filesystem_credentials()

2018-03-20T12:11:10+00:00 CRITICAL Call to undefined function request_filesystem_credentials()

2018-03-21T00:09:40+00:00 CRITICAL Call to undefined function request_filesystem_credentials()

2018-03-21T12:59:04+00:00 CRITICAL Call to undefined function request_filesystem_credentials()

2018-03-22T02:08:30+00:00 CRITICAL Call to undefined function request_filesystem_credentials()

2018-03-22T11:50:28+00:00 CRITICAL Call to undefined function request_filesystem_credentials()

2018-03-22T23:39:48+00:00 CRITICAL Call to undefined function request_filesystem_credentials()

2018-03-23T11:32:08+00:00 CRITICAL Call to undefined function request_filesystem_credentials()

2018-03-24T05:49:34+00:00 CRITICAL Call to undefined function request_filesystem_credentials()

2018-03-24T11:41:32+00:00 CRITICAL Call to undefined function request_filesystem_credentials()

2018-03-25T11:22:22+00:00 CRITICAL Call to undefined function request_filesystem_credentials()

2018-03-25T13:38:53+00:00 CRITICAL Call to undefined function request_filesystem_credentials()

2018-03-25T23:40:43+00:00 CRITICAL Call to undefined function request_filesystem_credentials()

2018-03-26T12:53:36+00:00 CRITICAL Call to undefined function request_filesystem_credentials()

2018-03-27T10:01:34+00:00 CRITICAL Call to undefined function request_filesystem_credentials()

2018-03-27T13:44:33+00:00 CRITICAL Call to undefined function request_filesystem_credentials()

2018-03-28T00:11:10+00:00 CRITICAL Call to undefined function request_filesystem_credentials()

2018-03-29T11:34:15+00:00 CRITICAL Call to undefined function request_filesystem_credentials()

2018-03-30T05:25:32+00:00 CRITICAL Call to undefined function request_filesystem_credentials()

2018-03-31T09:35:11+00:00 CRITICAL Call to undefined function request_filesystem_credentials()

2018-04-01T06:18:49+00:00 CRITICAL Call to undefined function request_filesystem_credentials()

2018-04-02T06:45:52+00:00 CRITICAL Call to undefined function request_filesystem_credentials()

2018-04-02T15:50:24+00:00 CRITICAL Call to undefined function request_filesystem_credentials()

2018-04-03T05:02:47+00:00 CRITICAL Call to undefined function request_filesystem_credentials()

2018-04-03T17:10:36+00:00 CRITICAL Call to undefined function request_filesystem_credentials()

2018-04-04T09:04:15+00:00 CRITICAL Call to undefined function request_filesystem_credentials()

2018-04-04T11:39:40+00:00 CRITICAL Call to undefined function request_filesystem_credentials()

2018-04-05T00:42:39+00:00 CRITICAL Call to undefined function request_filesystem_credentials()

2018-04-05T12:59:30+00:00 CRITICAL Call to undefined function request_filesystem_credentials()

2018-04-06T00:49:44+00:00 CRITICAL Call to undefined function request_filesystem_credentials()

2018-04-06T13:42:15+00:00 CRITICAL Call to undefined function request_filesystem_credentials()

2018-04-07T01:29:02+00:00 CRITICAL Call to undefined function request_filesystem_credentials()

2018-04-07T15:34:19+00:00 CRITICAL Call to undefined function request_filesystem_credentials()

2018-04-08T17:05:00+00:00 CRITICAL Call to undefined function request_filesystem_credentials()

2018-04-09T19:10:47+00:00 CRITICAL Call to undefined function request_filesystem_credentials()

2018-04-10T04:30:58+00:00 CRITICAL Call to undefined function request_filesystem_credentials()

2018-04-10T12:07:20+00:00 CRITICAL Call to undefined function request_filesystem_credentials()

2018-04-11T01:56:38+00:00 CRITICAL Call to undefined function request_filesystem_credentials()

2018-04-11T12:40:15+00:00 CRITICAL Call to undefined function request_filesystem_credentials()

2018-04-12T01:09:14+00:00 CRITICAL Call to undefined function request_filesystem_credentials()

2018-04-12T15:22:32+00:00 CRITICAL Call to undefined function request_filesystem_credentials()

2018-04-13T05:02:06+00:00 CRITICAL Call to undefined function request_filesystem_credentials()

2018-04-13T14:14:47+00:00 CRITICAL Call to undefined function request_filesystem_credentials()

2018-04-14T07:15:43+00:00 CRITICAL Call to undefined function request_filesystem_credentials()

2018-04-14T13:02:15+00:00 CRITICAL Call to undefined function request_filesystem_credentials()

2018-04-15T06:14:36+00:00 CRITICAL Call to undefined function request_filesystem_credentials()

2018-04-17T07:13:41+00:00 CRITICAL Call to undefined function request_filesystem_credentials()

2018-04-17T17:23:22+00:00 CRITICAL Call to undefined function request_filesystem_credentials()

2018-04-18T20:53:53+00:00 CRITICAL Call to undefined function request_filesystem_credentials()

2018-04-19T07:08:47+00:00 CRITICAL Call to undefined function request_filesystem_credentials()

2018-04-19T16:21:52+00:00 CRITICAL Call to undefined function request_filesystem_credentials()

2018-04-20T05:25:46+00:00 CRITICAL Call to undefined function request_filesystem_credentials()

2018-04-20T13:14:09+00:00 CRITICAL Call to undefined function request_filesystem_credentials()

2018-04-21T02:44:41+00:00 CRITICAL Call to undefined function request_filesystem_credentials()

2018-04-21T12:24:47+00:00 CRITICAL Call to undefined function request_filesystem_credentials()

2018-04-22T18:45:13+00:00 CRITICAL Call to undefined function request_filesystem_credentials()

2018-04-22T23:51:19+00:00 CRITICAL Call to undefined function request_filesystem_credentials()

2018-04-23T12:05:46+00:00 CRITICAL Call to undefined function request_filesystem_credentials()

2018-04-23T23:54:40+00:00 CRITICAL Call to undefined function request_filesystem_credentials()

2018-04-24T16:01:51+00:00 CRITICAL Call to undefined function request_filesystem_credentials()

2018-04-25T01:18:01+00:00 CRITICAL Call to undefined function request_filesystem_credentials()

2018-04-25T16:38:15+00:00 CRITICAL Call to undefined function request_filesystem_credentials()

2018-04-26T01:07:44+00:00 CRITICAL Call to undefined function request_filesystem_credentials()

2018-04-26T19:05:27+00:00 CRITICAL Call to undefined function request_filesystem_credentials()

2018-04-27T08:50:26+00:00 CRITICAL Call to undefined function request_filesystem_credentials()

2018-04-27T11:38:47+00:00 CRITICAL Call to undefined function request_filesystem_credentials()

2018-04-27T23:29:00+00:00 CRITICAL Call to undefined function request_filesystem_credentials()

2018-04-28T12:42:50+00:00 CRITICAL Call to undefined function request_filesystem_credentials()

2018-04-29T02:35:03+00:00 CRITICAL Call to undefined function request_filesystem_credentials()

2018-04-29T12:37:28+00:00 CRITICAL Call to undefined function request_filesystem_credentials()

2018-04-30T01:00:38+00:00 CRITICAL Call to undefined function request_filesystem_credentials()

2018-04-30T12:43:23+00:00 CRITICAL Call to undefined function request_filesystem_credentials()

2018-05-01T06:08:04+00:00 CRITICAL Call to undefined function request_filesystem_credentials()

2018-05-01T12:11:22+00:00 CRITICAL Call to undefined function request_filesystem_credentials()

2018-05-01T23:41:30+00:00 CRITICAL Call to undefined function request_filesystem_credentials()

2018-05-02T12:40:30+00:00 CRITICAL Call to undefined function request_filesystem_credentials()

2018-05-03T00:25:20+00:00 CRITICAL Call to undefined function request_filesystem_credentials()

2018-05-03T12:21:05+00:00 CRITICAL Call to undefined function request_filesystem_credentials()

2018-05-03T23:53:44+00:00 CRITICAL Call to undefined function request_filesystem_credentials()

2018-05-04T14:24:52+00:00 CRITICAL Call to undefined function request_filesystem_credentials()

2018-05-05T02:08:19+00:00 CRITICAL Call to undefined function request_filesystem_credentials()

2018-05-05T16:38:55+00:00 CRITICAL Call to undefined function request_filesystem_credentials()

2018-05-06T00:43:11+00:00 CRITICAL Call to undefined function request_filesystem_credentials()

2018-05-06T15:01:54+00:00 CRITICAL Call to undefined function request_filesystem_credentials()

2018-05-07T00:10:27+00:00 CRITICAL Call to undefined function request_filesystem_credentials()

2018-05-07T18:59:06+00:00 CRITICAL Call to undefined function request_filesystem_credentials()

2018-05-08T08:13:07+00:00 CRITICAL Call to undefined function request_filesystem_credentials()

2018-05-08T13:27:16+00:00 CRITICAL Call to undefined function request_filesystem_credentials()

2018-05-09T00:46:40+00:00 CRITICAL Call to undefined function request_filesystem_credentials()

2018-05-09T14:57:02+00:00 CRITICAL Call to undefined function request_filesystem_credentials()

2018-05-10T09:45:07+00:00 CRITICAL Call to undefined function request_filesystem_credentials()

2018-05-10T14:04:47+00:00 CRITICAL Call to undefined function request_filesystem_credentials()

2018-05-11T05:12:19+00:00 CRITICAL Call to undefined function request_filesystem_credentials()

2018-05-11T12:25:44+00:00 CRITICAL Call to undefined function request_filesystem_credentials()

2018-05-11T23:28:55+00:00 CRITICAL Call to undefined function request_filesystem_credentials()

2018-05-12T14:12:34+00:00 CRITICAL Call to undefined function request_filesystem_credentials()

2018-05-13T04:15:57+00:00 CRITICAL Call to undefined function request_filesystem_credentials()

2018-05-13T18:14:45+00:00 CRITICAL Call to undefined function request_filesystem_credentials()

2018-05-14T00:41:56+00:00 CRITICAL Call to undefined function request_filesystem_credentials()

2018-05-14T12:14:54+00:00 CRITICAL Call to undefined function request_filesystem_credentials()

2018-05-15T00:14:18+00:00 CRITICAL Call to undefined function request_filesystem_credentials()

2018-05-15T12:08:12+00:00 CRITICAL Call to undefined function request_filesystem_credentials()

2018-05-15T23:54:40+00:00 CRITICAL Call to undefined function request_filesystem_credentials()

2018-05-16T12:00:33+00:00 CRITICAL Call to undefined function request_filesystem_credentials()

2018-05-16T23:48:24+00:00 CRITICAL Call to undefined function request_filesystem_credentials()

2018-05-17T13:15:42+00:00 CRITICAL Call to undefined function request_filesystem_credentials()

2018-05-18T02:19:09+00:00 CRITICAL Call to undefined function request_filesystem_credentials()

2018-05-18T11:34:33+00:00 CRITICAL Call to undefined function request_filesystem_credentials()

2018-05-19T02:48:20+00:00 CRITICAL Call to undefined function request_filesystem_credentials()

2018-05-19T12:03:50+00:00 CRITICAL Call to undefined function request_filesystem_credentials()

2018-05-19T23:43:31+00:00 CRITICAL Call to undefined function request_filesystem_credentials()

2018-05-20T11:45:11+00:00 CRITICAL Call to undefined function request_filesystem_credentials()

2018-05-20T23:47:51+00:00 CRITICAL Call to undefined function request_filesystem_credentials()

2018-05-21T18:57:03+00:00 CRITICAL Call to undefined function request_filesystem_credentials()

2018-05-22T00:49:11+00:00 CRITICAL Call to undefined function request_filesystem_credentials()

2018-05-22T11:35:21+00:00 CRITICAL Call to undefined function request_filesystem_credentials()

2018-05-23T02:40:35+00:00 CRITICAL Call to undefined function request_filesystem_credentials()

2018-05-23T20:00:47+00:00 CRITICAL Call to undefined function request_filesystem_credentials()

2018-05-24T02:08:51+00:00 CRITICAL Call to undefined function request_filesystem_credentials()

2018-05-24T11:29:07+00:00 CRITICAL Call to undefined function request_filesystem_credentials()

2018-05-25T02:23:10+00:00 CRITICAL Call to undefined function request_filesystem_credentials()

2018-05-25T14:04:25+00:00 CRITICAL Call to undefined function request_filesystem_credentials()

2018-05-25T23:43:25+00:00 CRITICAL Call to undefined function request_filesystem_credentials()

2018-05-26T11:31:49+00:00 CRITICAL Call to undefined function request_filesystem_credentials()

2018-05-26T23:54:35+00:00 CRITICAL Call to undefined function request_filesystem_credentials()

2018-05-27T11:47:30+00:00 CRITICAL Call to undefined function request_filesystem_credentials()

2018-05-28T00:09:34+00:00 CRITICAL Call to undefined function request_filesystem_credentials()

2018-05-28T11:28:36+00:00 CRITICAL Call to undefined function request_filesystem_credentials()

2018-05-28T23:58:31+00:00 CRITICAL Call to undefined function request_filesystem_credentials()

2018-05-29T14:04:23+00:00 CRITICAL Call to undefined function request_filesystem_credentials()

2018-05-30T00:27:25+00:00 CRITICAL Call to undefined function request_filesystem_credentials()

2018-05-30T11:46:00+00:00 CRITICAL Call to undefined function request_filesystem_credentials()

2018-05-31T01:18:56+00:00 CRITICAL Call to undefined function request_filesystem_credentials()

2018-05-31T13:22:39+00:00 CRITICAL Call to undefined function request_filesystem_credentials()

2018-06-01T02:56:59+00:00 CRITICAL Call to undefined function request_filesystem_credentials()

2018-06-01T15:47:45+00:00 CRITICAL Call to undefined function request_filesystem_credentials()

2018-06-02T02:35:03+00:00 CRITICAL Call to undefined function request_filesystem_credentials()

2018-06-02T12:27:58+00:00 CRITICAL Call to undefined function request_filesystem_credentials()

2018-06-03T00:56:33+00:00 CRITICAL Call to undefined function request_filesystem_credentials()

2018-06-03T11:41:58+00:00 CRITICAL Call to undefined function request_filesystem_credentials()

2018-06-03T23:36:50+00:00 CRITICAL Call to undefined function request_filesystem_credentials()

2018-06-04T11:36:55+00:00 CRITICAL Call to undefined function request_filesystem_credentials()

2018-06-05T00:06:31+00:00 CRITICAL Call to undefined function request_filesystem_credentials()

2018-06-05T12:08:28+00:00 CRITICAL Call to undefined function request_filesystem_credentials()

2018-06-07T14:48:18+00:00 CRITICAL Uncaught Error: Call to undefined function request_filesystem_credentials() in /var/www/html/aa/proprietes/www/wp-admin/includes/class-wp-upgrader-skin.php:93
Stack trace:
#0 /var/www/html/aa/proprietes/www/wp-admin/includes/class-automatic-upgrader-skin.php(47): WP_Upgrader_Skin->request_filesystem_credentials(false, '/var/www/html/a...', true)
#1 /var/www/html/aa/proprietes/www/wp-admin/includes/class-wp-automatic-updater.php(144): Automatic_Upgrader_Skin->request_filesystem_credentials(false, '/var/www/html/a...', true)
#2 /var/www/html/aa/proprietes/www/wp-admin/includes/update.php(85): WP_Automatic_Updater->should_update('core', Object(stdClass), '/var/www/html/a...')
#3 /var/www/html/aa/proprietes/www/wp-includes/update.php(215): find_core_auto_update()
#4 /var/www/html/aa/proprietes/www/wp-includes/class-wp-hook.php(286): wp_version_check()
#5 /var/www/html/aa/proprietes/www/wp-includes/class-wp-hook.php(310): WP_Hook->apply_filters('', Array)
#6 /var/www/html/aa/proprietes/www/wp-includes/plugin.php(5

